[18/03/14 10:41:09][INFO][com.perficient.test.cat.catinspectweb.util.TestCaseBase-65] 20180314104109
[18/03/14 10:41:09][INFO][com.perficient.test.cat.catinspectweb.util.TestCaseBase-67] Delete screen shots generated 2 days ago.
[18/03/14 10:41:16][INFO][com.perficient.test.cat.catinspectweb.util.LogWebDriverEventListener-20] WebDriver navigating to:'https://catinspectweb-qa.cat.com/'
[18/03/14 10:42:24][INFO][com.perficient.test.cat.catinspectweb.util.LogWebDriverEventListener-106] Clicked the element found By.xpath: //input[@id='submitButton']
[18/03/14 10:42:28][INFO][com.perficient.test.cat.catinspectweb.util.LogWebDriverEventListener-106] Clicked the element found By.xpath: //select[@name='statusselect']
[18/03/14 10:42:30][INFO][com.perficient.test.cat.catinspectweb.util.LogWebDriverEventListener-106] Clicked the element found By.tagName: option
[18/03/14 10:42:33][INFO][com.perficient.test.cat.catinspectweb.util.LogWebDriverEventListener-134] Click on the element find By.xpath: //td[contains(@class, 'icons-col')]//a[@title='Details'] by javascript
[18/03/14 10:42:41][INFO][com.perficient.test.cat.catinspectweb.util.LogWebDriverEventListener-75] Element is still not found By.xpath: //td[contains(@class, 'icons-col')]//a[@title='Details']
[18/03/14 10:42:42][INFO][com.perficient.test.cat.catinspectweb.util.LogWebDriverEventListener-106] Clicked the element found By.xpath: //div[contains(@class, 'cat_div_box')]
[18/03/14 10:42:42][INFO][com.perficient.test.cat.catinspectweb.util.LogWebDriverEventListener-106] Clicked the element found By.xpath: //div[contains(@class, 'cat_div_box')]
[18/03/14 10:42:47][INFO][com.perficient.test.cat.catinspectweb.util.LogWebDriverEventListener-75] Element is still not found By.xpath: //div[contains(@class, 'cat_div_box')]
[18/03/14 10:42:47][INFO][com.perficient.test.cat.catinspectweb.util.LogWebDriverEventListener-106] Clicked the element found By.xpath: (//div[@class='box-data'])[2]//a
[18/03/14 10:42:47][INFO][com.perficient.test.cat.catinspectweb.util.LogWebDriverEventListener-106] Clicked the element found By.xpath: //td/span[contains(@class,'plus')]
[18/03/14 10:42:47][INFO][com.perficient.test.cat.catinspectweb.util.LogWebDriverEventListener-134] Click on the element find By.xpath: //button[@type='submit'] by javascript
[18/03/14 10:42:49][INFO][com.perficient.test.cat.catinspectweb.util.LogWebDriverEventListener-106] Clicked the element found By.xpath: //div[@class='modal-content']//span[@class='glyphicon glyphicon-ok']
[18/03/14 10:42:58][INFO][com.perficient.test.cat.catinspectweb.util.LogWebDriverEventListener-75] Element is still not found By.xpath: //div[@class='loader_outer_div']
[18/03/14 10:42:59][INFO][com.perficient.test.cat.catinspectweb.util.LogWebDriverEventListener-106] Clicked the element found By.xpath: //select[@name='statusselect']
[18/03/14 10:43:02][INFO][com.perficient.test.cat.catinspectweb.util.LogWebDriverEventListener-106] Clicked the element found By.tagName: option
[18/03/14 10:43:03][INFO][com.perficient.test.cat.catinspectweb.util.LogWebDriverEventListener-134] Click on the element find By.xpath: //td[contains(@class, 'icons-col')]//a[@title='Details'] by javascript
[18/03/14 10:43:07][INFO][com.perficient.test.cat.catinspectweb.util.LogWebDriverEventListener-75] Element is still not found By.xpath: //td[contains(@class, 'icons-col')]//a[@title='Details']
[18/03/14 10:43:14][ERROR][com.perficient.test.cat.catinspectweb.util.LogWebDriverEventListener-77] WebDriver error:
org.openqa.selenium.WebDriverException: chrome not reachable
  (Session info: chrome=62.0.3202.89)
  (Driver info: chromedriver=2.33.506120 (e3e53437346286c0bc2d2dc9aa4915ba81d9023f),platform=Windows NT 6.1.7601 SP1 x86_64) (WARNING: The server did not provide any stacktrace information)
Command duration or timeout: 0 milliseconds
Build info: version: '3.7.1', revision: '8a0099a', time: '2017-11-06T21:01:39.354Z'
System info: host: 'H2600-0463L', ip: '10.2.7.69', os.name: 'Windows 7', os.arch: 'amd64', os.version: '6.1', java.version: '1.8.0_151'
Driver info: org.openqa.selenium.chrome.ChromeDriver
Capabilities {acceptSslCerts: true, applicationCacheEnabled: false, browserConnectionEnabled: false, browserName: chrome, chrome: {chromedriverVersion: 2.33.506120 (e3e53437346286..., userDataDir: C:\Users\herby.he\AppData\L...}, cssSelectorsEnabled: true, databaseEnabled: false, handlesAlerts: true, hasTouchScreen: false, javascriptEnabled: true, locationContextEnabled: true, mobileEmulationEnabled: false, nativeEvents: true, networkConnectionEnabled: false, pageLoadStrategy: normal, platform: XP, platformName: XP, rotatable: false, setWindowRect: true, takesHeapSnapshot: true, takesScreenshot: true, unexpectedAlertBehaviour: , unhandledPromptBehavior: , version: 62.0.3202.89, webStorageEnabled: true}
Session ID: 9cf476fb3a564f9f2105e815e443171b
*** Element info: {Using=xpath, value=//li[@class='toolbar-item']//a[contains(@href,'edit')]}
	at sun.reflect.NativeConstructorAccessorImpl.newInstance0(Native Method)
	at sun.reflect.NativeConstructorAccessorImpl.newInstance(Unknown Source)
	at sun.reflect.DelegatingConstructorAccessorImpl.newInstance(Unknown Source)
	at java.lang.reflect.Constructor.newInstance(Unknown Source)
	at org.openqa.selenium.remote.ErrorHandler.createThrowable(ErrorHandler.java:214)
	at org.openqa.selenium.remote.ErrorHandler.throwIfResponseFailed(ErrorHandler.java:166)
	at org.openqa.selenium.remote.http.JsonHttpResponseCodec.reconstructValue(JsonHttpResponseCodec.java:40)
	at org.openqa.selenium.remote.http.AbstractHttpResponseCodec.decode(AbstractHttpResponseCodec.java:80)
	at org.openqa.selenium.remote.http.AbstractHttpResponseCodec.decode(AbstractHttpResponseCodec.java:44)
	at org.openqa.selenium.remote.HttpCommandExecutor.execute(HttpCommandExecutor.java:164)
	at org.openqa.selenium.remote.service.DriverCommandExecutor.execute(DriverCommandExecutor.java:83)
	at org.openqa.selenium.remote.RemoteWebDriver.execute(RemoteWebDriver.java:600)
	at org.openqa.selenium.remote.RemoteWebDriver.findElement(RemoteWebDriver.java:370)
	at org.openqa.selenium.remote.RemoteWebDriver.findElementByXPath(RemoteWebDriver.java:472)
	at org.openqa.selenium.By$ByXPath.findElement(By.java:361)
	at org.openqa.selenium.remote.RemoteWebDriver.findElement(RemoteWebDriver.java:362)
	at sun.reflect.GeneratedMethodAccessor4.invoke(Unknown Source)
	at sun.reflect.DelegatingMethodAccessorImpl.invoke(Unknown Source)
	at java.lang.reflect.Method.invoke(Unknown Source)
	at org.openqa.selenium.support.events.EventFiringWebDriver$2.invoke(EventFiringWebDriver.java:109)
	at com.sun.proxy.$Proxy11.findElement(Unknown Source)
	at org.openqa.selenium.support.events.EventFiringWebDriver.findElement(EventFiringWebDriver.java:193)
	at org.openqa.selenium.support.pagefactory.DefaultElementLocator.findElement(DefaultElementLocator.java:69)
	at org.openqa.selenium.support.pagefactory.internal.LocatingElementHandler.invoke(LocatingElementHandler.java:38)
	at com.sun.proxy.$Proxy15.isDisplayed(Unknown Source)
	at com.perficient.test.cat.catinspectweb.util.FunctionUtil.isElementExist(FunctionUtil.java:644)
	at com.perficient.test.cat.catinspectweb.util.FunctionUtil.waitForElementExist(FunctionUtil.java:886)
	at com.perficient.test.cat.catinspectweb.util.FunctionUtil.click(FunctionUtil.java:299)
	at com.perficient.test.cat.catinspectweb.util.CustomizedFunctionUtil.click(CustomizedFunctionUtil.java:20)
	at com.perficient.test.cat.catinspectweb.testcase.editinspection.TC2394_EditTextForGeneralComments.verify_TC2700_AddAndDeleteCommentsWhenEditInspection(TC2394_EditTextForGeneralComments.java:74)
	at sun.reflect.NativeMethodAccessorImpl.invoke0(Native Method)
	at sun.reflect.NativeMethodAccessorImpl.invoke(Unknown Source)
	at sun.reflect.DelegatingMethodAccessorImpl.invoke(Unknown Source)
	at java.lang.reflect.Method.invoke(Unknown Source)
	at org.testng.internal.MethodInvocationHelper.invokeMethod(MethodInvocationHelper.java:84)
	at org.testng.internal.Invoker.invokeMethod(Invoker.java:714)
	at org.testng.internal.Invoker.invokeTestMethod(Invoker.java:901)
	at org.testng.internal.Invoker.invokeTestMethods(Invoker.java:1231)
	at org.testng.internal.TestMethodWorker.invokeTestMethods(TestMethodWorker.java:127)
	at org.testng.internal.TestMethodWorker.run(TestMethodWorker.java:111)
	at org.testng.TestRunner.privateRun(TestRunner.java:767)
	at org.testng.TestRunner.run(TestRunner.java:617)
	at org.testng.SuiteRunner.runTest(SuiteRunner.java:348)
	at org.testng.SuiteRunner.runSequentially(SuiteRunner.java:343)
	at org.testng.SuiteRunner.privateRun(SuiteRunner.java:305)
	at org.testng.SuiteRunner.run(SuiteRunner.java:254)
	at org.testng.SuiteRunnerWorker.runSuite(SuiteRunnerWorker.java:52)
	at org.testng.SuiteRunnerWorker.run(SuiteRunnerWorker.java:86)
	at org.testng.TestNG.runSuitesSequentially(TestNG.java:1224)
	at org.testng.TestNG.runSuitesLocally(TestNG.java:1149)
	at org.testng.TestNG.run(TestNG.java:1057)
	at org.testng.remote.AbstractRemoteTestNG.run(AbstractRemoteTestNG.java:114)
	at org.testng.remote.RemoteTestNG.initAndRun(RemoteTestNG.java:251)
	at org.testng.remote.RemoteTestNG.main(RemoteTestNG.java:77)
[18/03/14 10:43:22][ERROR][com.perficient.test.cat.catinspectweb.util.TestCaseBase-200] Driver have quited by other thread or by hand.
