<?xml version="1.0" encoding="UTF-8"?>
<!-- Generated by org.testng.reporters.JUnitReportReporter -->
<testsuite hostname="H2400-0383L" name="com.perficient.test.cat.pccaurora.testcase.catalogbrowse.TC1608_ReplacementPartstc0031mRepParts" tests="1" failures="0" timestamp="11 Nov 2016 08:59:20 GMT" time="93.047" errors="1">
  <testcase name="verify_TC1608_ReplacementPartstc0031mRepParts" time="93.047" classname="com.perficient.test.cat.pccaurora.testcase.catalogbrowse.TC1608_ReplacementPartstc0031mRepParts">
    <error type="java.lang.AssertionError" message="Message:This part has been replacedis not displayed expected [true] but found [false]">
      <![CDATA[java.lang.AssertionError: Message:This part has been replacedis not displayed expected [true] but found [false]
	at org.testng.Assert.fail(Assert.java:94)
	at org.testng.Assert.failNotEquals(Assert.java:494)
	at org.testng.Assert.assertTrue(Assert.java:42)
	at com.perficient.test.cat.pccaurora.basepages.ProductDetailsPage.verifyViewReplacementInfo(ProductDetailsPage.java:589)
	at com.perficient.test.cat.pccaurora.testcase.catalogbrowse.TC1608_ReplacementPartstc0031mRepParts.verify_TC1608_ReplacementPartstc0031mRepParts(TC1608_ReplacementPartstc0031mRepParts.java:79)
	at sun.reflect.NativeMethodAccessorImpl.invoke0(Native Method)
	at sun.reflect.NativeMethodAccessorImpl.invoke(NativeMethodAccessorImpl.java:57)
	at sun.reflect.DelegatingMethodAccessorImpl.invoke(DelegatingMethodAccessorImpl.java:43)
	at java.lang.reflect.Method.invoke(Method.java:601)
	at org.testng.internal.MethodInvocationHelper.invokeMethod(MethodInvocationHelper.java:84)
	at org.testng.internal.Invoker.invokeMethod(Invoker.java:714)
	at org.testng.internal.Invoker.invokeTestMethod(Invoker.java:901)
	at org.testng.internal.Invoker.invokeTestMethods(Invoker.java:1231)
	at org.testng.internal.TestMethodWorker.invokeTestMethods(TestMethodWorker.java:127)
	at org.testng.internal.TestMethodWorker.run(TestMethodWorker.java:111)
	at org.testng.TestRunner.privateRun(TestRunner.java:767)
	at org.testng.TestRunner.run(TestRunner.java:617)
	at org.testng.SuiteRunner.runTest(SuiteRunner.java:348)
	at org.testng.SuiteRunner.runSequentially(SuiteRunner.java:343)
	at org.testng.SuiteRunner.privateRun(SuiteRunner.java:305)
	at org.testng.SuiteRunner.run(SuiteRunner.java:254)
	at org.testng.SuiteRunnerWorker.runSuite(SuiteRunnerWorker.java:52)
	at org.testng.SuiteRunnerWorker.run(SuiteRunnerWorker.java:86)
	at org.testng.TestNG.runSuitesSequentially(TestNG.java:1224)
	at org.testng.TestNG.runSuitesLocally(TestNG.java:1149)
	at org.testng.TestNG.run(TestNG.java:1057)
	at org.testng.remote.RemoteTestNG.run(RemoteTestNG.java:115)
	at org.testng.remote.RemoteTestNG.initAndRun(RemoteTestNG.java:207)
	at org.testng.remote.RemoteTestNG.main(RemoteTestNG.java:178)
]]>
    </error>
  </testcase> <!-- verify_TC1608_ReplacementPartstc0031mRepParts -->
</testsuite> <!-- com.perficient.test.cat.pccaurora.testcase.catalogbrowse.TC1608_ReplacementPartstc0031mRepParts -->
